<?xml version="1.0" encoding="UTF-8"?>
<testsuite xmlns:xsi="http://www.w3.org/2001/XMLSchema-instance" xsi:noNamespaceSchemaLocation="https://maven.apache.org/surefire/maven-surefire-plugin/xsd/surefire-test-report-3.0.xsd" version="3.0" name="com.shotaroi.crm.integration.LeadFlowWebhookIntegrationTest" time="9.998" tests="3" errors="0" skipped="0" failures="0">
  <properties>
[...]
</properties>
  <testcase name="registerWebhook_createsDeliveryOnLeadCreated" classname="com.shotaroi.crm.integration.LeadFlowWebhookIntegrationTest" time="1.524">
    <system-out><![CDATA[2026-03-02T22:57:50.334+01:00  INFO 76585 --- [crm-automation-platform] [           main] t.c.s.AnnotationConfigContextLoaderUtils : Could not detect default configuration classes for test class [com.shotaroi.crm.integration.LeadFlowWebhookIntegrationTest]: LeadFlowWebhookIntegrationTest does not declare any static, non-private, non-final, nested classes annotated with @Configuration.
2026-03-02T22:57:50.418+01:00  INFO 76585 --- [crm-automation-platform] [           main] .b.t.c.SpringBootTestContextBootstrapper : Found @SpringBootConfiguration com.shotaroi.crm.CrmApplication for test class com.shotaroi.crm.integration.LeadFlowWebhookIntegrationTest

  .   ____          _            __ _ _
 /\\ / ___'_ __ _ _(_)_ __  __ _ \ \ \ \
( ( )\___ | '_ | '_| | '_ \/ _` | \ \ \ \
 \\/  ___)| |_)| | | | | || (_| |  ) ) ) )
  '  |____| .__|_| |_|_| |_\__, | / / / /
 =========|_|==============|___/=/_/_/_/

 :: Spring Boot ::                (v3.3.5)

2026-03-02T22:57:50.652+01:00  INFO 76585 --- [crm-automation-platform] [           main] c.s.c.i.LeadFlowWebhookIntegrationTest   : Starting LeadFlowWebhookIntegrationTest using Java 24.0.1 with PID 76585 (started by shotaroishii in /Users/shotaroishii/Documents/GitHub/CRM-Automation-Platform)
2026-03-02T22:57:50.653+01:00  INFO 76585 --- [crm-automation-platform] [           main] c.s.c.i.LeadFlowWebhookIntegrationTest   : The following 1 profile is active: "test"
2026-03-02T22:57:51.958+01:00  INFO 76585 --- [crm-automation-platform] [           main] .s.d.r.c.RepositoryConfigurationDelegate : Bootstrapping Spring Data JPA repositories in DEFAULT mode.
2026-03-02T22:57:52.094+01:00  INFO 76585 --- [crm-automation-platform] [           main] .s.d.r.c.RepositoryConfigurationDelegate : Finished Spring Data repository scanning in 126 ms. Found 12 JPA repository interfaces.
2026-03-02T22:57:52.709+01:00  INFO 76585 --- [crm-automation-platform] [           main] com.zaxxer.hikari.HikariDataSource       : HikariPool-2 - Starting...
2026-03-02T22:57:52.839+01:00  INFO 76585 --- [crm-automation-platform] [           main] com.zaxxer.hikari.pool.HikariPool        : HikariPool-2 - Added connection org.testcontainers.jdbc.ConnectionWrapper@5071a1c5
2026-03-02T22:57:52.840+01:00  INFO 76585 --- [crm-automation-platform] [           main] com.zaxxer.hikari.HikariDataSource       : HikariPool-2 - Start completed.
2026-03-02T22:57:52.854+01:00  INFO 76585 --- [crm-automation-platform] [           main] org.flywaydb.core.FlywayExecutor         : Database: jdbc:postgresql://localhost:49356/test (PostgreSQL 16.11)
2026-03-02T22:57:52.920+01:00  INFO 76585 --- [crm-automation-platform] [           main] o.f.core.internal.command.DbValidate     : Successfully validated 2 migrations (execution time 00:00.046s)
2026-03-02T22:57:52.985+01:00  INFO 76585 --- [crm-automation-platform] [           main] o.f.core.internal.command.DbMigrate      : Current version of schema "public": 2
2026-03-02T22:57:52.988+01:00  INFO 76585 --- [crm-automation-platform] [           main] o.f.core.internal.command.DbMigrate      : Schema "public" is up to date. No migration necessary.
2026-03-02T22:57:53.083+01:00  INFO 76585 --- [crm-automation-platform] [           main] o.hibernate.jpa.internal.util.LogHelper  : HHH000204: Processing PersistenceUnitInfo [name: default]
2026-03-02T22:57:53.093+01:00  INFO 76585 --- [crm-automation-platform] [           main] o.h.c.internal.RegionFactoryInitiator    : HHH000026: Second-level cache disabled
2026-03-02T22:57:53.169+01:00  INFO 76585 --- [crm-automation-platform] [           main] o.s.o.j.p.SpringPersistenceUnitInfo      : No LoadTimeWeaver setup: ignoring JPA class transformer
2026-03-02T22:57:54.009+01:00  INFO 76585 --- [crm-automation-platform] [           main] o.h.e.t.j.p.i.JtaPlatformInitiator       : HHH000489: No JTA platform available (set 'hibernate.transaction.jta.platform' to enable JTA platform integration)
2026-03-02T22:57:54.051+01:00  INFO 76585 --- [crm-automation-platform] [           main] j.LocalContainerEntityManagerFactoryBean : Initialized JPA EntityManagerFactory for persistence unit 'default'
2026-03-02T22:57:55.706+01:00  WARN 76585 --- [crm-automation-platform] [           main] .s.s.UserDetailsServiceAutoConfiguration : 

Using generated security password: b7769de9-2345-4f9b-9b87-2132f6f31e07

This generated password is for development use only. Your security configuration must be updated before running your application in production.

2026-03-02T22:57:55.721+01:00  INFO 76585 --- [crm-automation-platform] [           main] r$InitializeUserDetailsManagerConfigurer : Global AuthenticationManager configured with UserDetailsService bean with name inMemoryUserDetailsManager
2026-03-02T22:57:56.437+01:00  INFO 76585 --- [crm-automation-platform] [           main] o.s.b.a.e.web.EndpointLinksResolver      : Exposing 2 endpoints beneath base path '/actuator'
2026-03-02T22:57:57.932+01:00  INFO 76585 --- [crm-automation-platform] [           main] o.s.b.t.m.w.SpringBootMockServletContext : Initializing Spring TestDispatcherServlet ''
2026-03-02T22:57:57.942+01:00  INFO 76585 --- [crm-automation-platform] [           main] o.s.t.web.servlet.TestDispatcherServlet  : Initializing Servlet ''
2026-03-02T22:57:57.948+01:00  INFO 76585 --- [crm-automation-platform] [           main] o.s.t.web.servlet.TestDispatcherServlet  : Completed initialization in 2 ms
2026-03-02T22:57:58.067+01:00  INFO 76585 --- [crm-automation-platform] [           main] c.s.c.i.LeadFlowWebhookIntegrationTest   : Started LeadFlowWebhookIntegrationTest in 7.624 seconds (process running for 35.549)
]]></system-out>
  </testcase>
  <testcase name="createLeadWithIdempotencyKey_returnsSameLeadOnDuplicate" classname="com.shotaroi.crm.integration.LeadFlowWebhookIntegrationTest" time="0.293"/>
  <testcase name="createFlow_setScoreAndTask_onLeadCreated" classname="com.shotaroi.crm.integration.LeadFlowWebhookIntegrationTest" time="0.334"/>
</testsuite>